#
# There is insufficient memory for the Java Runtime Environment to continue.
# Native memory allocation (malloc) failed to allocate 1048576 bytes for AllocateHeap
# Possible reasons:
#   The system is out of physical RAM or swap space
#   In 32 bit mode, the process size limit was hit
# Possible solutions:
#   Reduce memory load on the system
#   Increase physical memory or swap space
#   Check if swap backing store is full
#   Use 64 bit Java on a 64 bit OS
#   Decrease Java heap size (-Xmx/-Xms)
#   Decrease number of Java threads
#   Decrease Java thread stack sizes (-Xss)
#   Set larger code cache with -XX:ReservedCodeCacheSize=
# This output file may be truncated or incomplete.
#
#  Out of Memory Error (memory/allocation.inline.hpp:61), pid=115064, tid=0x000000000001c1f4
#
# JRE version:  (8.0_152-b16) (build )
# Java VM: Java HotSpot(TM) 64-Bit Server VM (25.152-b16 mixed mode windows-amd64 compressed oops)
# Failed to write core dump. Minidumps are not enabled by default on client versions of Windows
#

---------------  T H R E A D  ---------------

Current thread (0x0000000002bd3800):  JavaThread "Unknown thread" [_thread_in_vm, id=115188, stack(0x0000000002890000,0x0000000002990000)]

Stack: [0x0000000002890000,0x0000000002990000]
[error occurred during error reporting (printing stack bounds), id 0xc0000005]

Native frames: (J=compiled Java code, j=interpreted, Vv=VM code, C=native code)


---------------  P R O C E S S  ---------------

Java Threads: ( => current thread )

Other Threads:

=>0x0000000002bd3800 (exited) JavaThread "Unknown thread" [_thread_in_vm, id=115188, stack(0x0000000002890000,0x0000000002990000)]

VM state:not at safepoint (normal execution)

VM Mutex/Monitor currently owned by a thread: None

Heap:
 PSYoungGen      total 38400K, used 665K [0x00000000d5f00000, 0x00000000d8980000, 0x0000000100000000)
  eden space 33280K, 2% used [0x00000000d5f00000,0x00000000d5fa6670,0x00000000d7f80000)
  from space 5120K, 0% used [0x00000000d8480000,0x00000000d8480000,0x00000000d8980000)
  to   space 5120K, 0% used [0x00000000d7f80000,0x00000000d7f80000,0x00000000d8480000)
 ParOldGen       total 87552K, used 0K [0x0000000081c00000, 0x0000000087180000, 0x00000000d5f00000)
  object space 87552K, 0% used [0x0000000081c00000,0x0000000081c00000,0x0000000087180000)
 Metaspace       used 770K, capacity 4480K, committed 4480K, reserved 1056768K
  class space    used 75K, capacity 384K, committed 384K, reserved 1048576K

Card table byte_map: [0x0000000012090000,0x0000000012490000] byte_map_base: 0x0000000011c82000

Marking Bits: (ParMarkBitMap*) 0x0000000066870860
 Begin Bits: [0x0000000012b40000, 0x0000000014ad0000)
 End Bits:   [0x0000000014ad0000, 0x0000000016a60000)

Polling page: 0x0000000001090000

CodeCache: size=245760Kb used=327Kb max_used=327Kb free=245432Kb
 bounds [0x0000000002cd0000, 0x0000000002f40000, 0x0000000011cd0000]
 total_blobs=57 nmethods=0 adapters=38
 compilation: enabled

Compilation events (0 events):
No events

GC Heap History (0 events):
No events

Deoptimization events (0 events):
No events

Classes redefined (0 events):
No events

Internal exceptions (0 events):
No events

Events (10 events):
Event: 0.084 loading class java/lang/Short
Event: 0.084 loading class java/lang/Short done
Event: 0.084 loading class java/lang/Integer
Event: 0.084 loading class java/lang/Integer done
Event: 0.084 loading class java/lang/Long
Event: 0.084 loading class java/lang/Long done
Event: 0.086 loading class java/lang/NullPointerException
Event: 0.086 loading class java/lang/NullPointerException done
Event: 0.086 loading class java/lang/ArithmeticException
Event: 0.086 loading class java/lang/ArithmeticException done


Dynamic libraries:
0x00007ff6ac890000 - 0x00007ff6ac8c7000 	C:\Program Files\Java\jdk1.8.0_152\bin\java.exe
0x00007ff94d060000 - 0x00007ff94d20d000 	C:\Windows\SYSTEM32\ntdll.dll
0x00007ff94a8a0000 - 0x00007ff94a9de000 	C:\Windows\system32\KERNEL32.DLL
0x00007ff94a5d0000 - 0x00007ff94a6e6000 	C:\Windows\system32\KERNELBASE.dll
0x00007ff948d50000 - 0x00007ff948dde000 	C:\Windows\system32\apphelp.dll
0x00007ff902a60000 - 0x00007ff902ab3000 	C:\Windows\AppPatch\AppPatch64\AcGenral.DLL
0x00007ff94c7e0000 - 0x00007ff94c88a000 	C:\Windows\system32\msvcrt.dll
0x00007ff94a4f0000 - 0x00007ff94a51e000 	C:\Windows\system32\SspiCli.dll
0x00007ff94cc60000 - 0x00007ff94ccb4000 	C:\Windows\system32\SHLWAPI.dll
0x00007ff94cee0000 - 0x00007ff94d057000 	C:\Windows\system32\USER32.dll
0x00007ff94a9e0000 - 0x00007ff94ab74000 	C:\Windows\system32\ole32.dll
0x00007ff94b2b0000 - 0x00007ff94c7dc000 	C:\Windows\system32\SHELL32.dll
0x00007ff949750000 - 0x00007ff949771000 	C:\Windows\SYSTEM32\USERENV.dll
0x00007ff94cbb0000 - 0x00007ff94cc5a000 	C:\Windows\system32\ADVAPI32.dll
0x00007ff93fbc0000 - 0x00007ff93fbde000 	C:\Windows\SYSTEM32\MPR.dll
0x00007ff94b170000 - 0x00007ff94b2b0000 	C:\Windows\system32\RPCRT4.dll
0x00007ff94b110000 - 0x00007ff94b169000 	C:\Windows\SYSTEM32\sechost.dll
0x00007ff94ab80000 - 0x00007ff94ad92000 	C:\Windows\SYSTEM32\combase.dll
0x00007ff94cd90000 - 0x00007ff94cedb000 	C:\Windows\system32\GDI32.dll
0x00007ff94a190000 - 0x00007ff94a1a5000 	C:\Windows\SYSTEM32\profapi.dll
0x00007ff948720000 - 0x00007ff9487d2000 	C:\Windows\SYSTEM32\SHCORE.dll
0x00007ff94c8a0000 - 0x00007ff94c8d6000 	C:\Windows\system32\IMM32.DLL
0x00007ff94adc0000 - 0x00007ff94af11000 	C:\Windows\system32\MSCTF.dll
0x00007ff947c50000 - 0x00007ff947ecb000 	C:\Windows\WinSxS\amd64_microsoft.windows.common-controls_6595b64144ccf1df_6.0.9600.18006_none_623f33d3ecbe86e8\COMCTL32.dll
0x00000000668f0000 - 0x00000000669c2000 	C:\Program Files\Java\jdk1.8.0_152\jre\bin\msvcr100.dll
0x0000000066050000 - 0x00000000668f0000 	C:\Program Files\Java\jdk1.8.0_152\jre\bin\server\jvm.dll
0x00007ff940db0000 - 0x00007ff940db9000 	C:\Windows\SYSTEM32\WSOCK32.dll
0x00007ff940e50000 - 0x00007ff940e72000 	C:\Windows\SYSTEM32\WINMM.dll
0x00007ff941550000 - 0x00007ff94155a000 	C:\Windows\SYSTEM32\VERSION.dll
0x00007ff94c890000 - 0x00007ff94c897000 	C:\Windows\system32\PSAPI.DLL
0x00007ff94cb50000 - 0x00007ff94cbaa000 	C:\Windows\system32\WS2_32.dll
0x00007ff940e20000 - 0x00007ff940e4a000 	C:\Windows\SYSTEM32\WINMMBASE.dll
0x00007ff94a7b0000 - 0x00007ff94a7b9000 	C:\Windows\system32\NSI.dll
0x00007ff94a520000 - 0x00007ff94a56f000 	C:\Windows\SYSTEM32\cfgmgr32.dll
0x00007ff948fb0000 - 0x00007ff948fd8000 	C:\Windows\SYSTEM32\DEVOBJ.dll
0x0000000066040000 - 0x000000006604f000 	C:\Program Files\Java\jdk1.8.0_152\jre\bin\verify.dll
0x0000000066010000 - 0x0000000066039000 	C:\Program Files\Java\jdk1.8.0_152\jre\bin\java.dll
0x0000000065f70000 - 0x0000000065f93000 	C:\Program Files\Java\jdk1.8.0_152\jre\bin\instrument.dll
0x0000000065ff0000 - 0x0000000066006000 	C:\Program Files\Java\jdk1.8.0_152\jre\bin\zip.dll

VM Arguments:
jvm_args: -javaagent:C:\Program Files\JetBrains\IntelliJ IDEA Community Edition 2017.2\lib\idea_rt.jar=4034:C:\Program Files\JetBrains\IntelliJ IDEA Community Edition 2017.2\bin -Dfile.encoding=UTF-8 
java_command: cinema.TicketsKt
java_class_path (initial): C:\Program Files\Java\jdk1.8.0_152\jre\lib\charsets.jar;C:\Program Files\Java\jdk1.8.0_152\jre\lib\deploy.jar;C:\Program Files\Java\jdk1.8.0_152\jre\lib\ext\access-bridge-64.jar;C:\Program Files\Java\jdk1.8.0_152\jre\lib\ext\cldrdata.jar;C:\Program Files\Java\jdk1.8.0_152\jre\lib\ext\dnsns.jar;C:\Program Files\Java\jdk1.8.0_152\jre\lib\ext\jaccess.jar;C:\Program Files\Java\jdk1.8.0_152\jre\lib\ext\jfxrt.jar;C:\Program Files\Java\jdk1.8.0_152\jre\lib\ext\localedata.jar;C:\Program Files\Java\jdk1.8.0_152\jre\lib\ext\nashorn.jar;C:\Program Files\Java\jdk1.8.0_152\jre\lib\ext\sunec.jar;C:\Program Files\Java\jdk1.8.0_152\jre\lib\ext\sunjce_provider.jar;C:\Program Files\Java\jdk1.8.0_152\jre\lib\ext\sunmscapi.jar;C:\Program Files\Java\jdk1.8.0_152\jre\lib\ext\sunpkcs11.jar;C:\Program Files\Java\jdk1.8.0_152\jre\lib\ext\zipfs.jar;C:\Program Files\Java\jdk1.8.0_152\jre\lib\javaws.jar;C:\Program Files\Java\jdk1.8.0_152\jre\lib\jce.jar;C:\Program Files\Java\jdk1.8.0_152\jre\lib\jfr.jar;C:\Program Files\Java\jdk1.8.0_152\jre\lib\jfxswt.jar;C:\Program Files\Java\jdk1.8.0_152\jre\lib\jsse.jar;C:\Program Files\Java\jdk1.8.0_152\jre\lib\management-agent.jar;C:\Program Files\Java\jdk1.8.0_152\jre\lib\plugin.jar;C:\Program Files\Java\jdk1.8.0_152\jre\lib\resources.jar;C:\Program Files\Java\jdk1.8.0_152\jre\lib\rt.jar;C:\Users\Sunday\IdeaProjects\Cinema Room Manager\out\production\Cinema Room Manager;C:\Users\Sunday\.IdeaIC2017.2\config\plugins\Kotlin\kotlinc\lib\kotlin-stdlib.jar;C:\Users\Sunday\.IdeaIC2017.2\config\plugins\Kotlin\kotlinc\lib\kotlin-reflect.jar;C:\Users\Sunday\.IdeaIC2017.2\config\plugins\Kotlin\kotlinc\lib\kotlin-test.jar;C:\Users\Sunday\.IdeaIC2017.2\config\plugins\Kotlin\kotlinc\lib\kotlin-stdlib-jdk7.jar;C:\Users\Sunday\.IdeaIC2017.2\config\plugins\Kotlin\kotlinc\lib\kotlin-stdlib-jdk8.jar;C:\Program Files\JetBrains\IntelliJ IDEA Community Edition 2017.2\lib\idea_rt.jar
Launcher Type: SUN_STANDARD

Environment Variables:
JAVA_HOME=C:\Program Files\Java\jdk-11.0.15
PATH=C:\Program Files\Common Files\Oracle\Java\javapath;C:\Python27\;C:\Python27\Scripts;C:\ProgramData\Boxstarter;C:\Program Files (x86)\PC Connectivity Solution\;C:\ProgramData\Oracle\Java\javapath;C:\Program Files (x86)\Intel\TXE Components\TCS\;C:\Program Files\Intel\TXE Components\TCS\;C:\Windows\system32;C:\Windows;C:\Windows\System32\Wbem;C:\Windows\System32\WindowsPowerShell\v1.0\;C:\Program Files (x86)\Acer\abFiles\;C:\xampp\php;C:\ProgramData\ComposerSetup\bin;C:\Program Files (x86)\Brackets\command;C:\Program Files (x86)\WiX Toolset v3.11\bin;C:\Program Files\Java\jdk-9.0.1\bin;C:\Program Files\Java\jdk1.8.0_151\bin;C:\Program Files\Java\jre1.8.0_144\bin;C:\apache-ant-1.10.1\bin;C:\Program Files (x86)\Inno Setup 5;C:\Program Files\Java\jdk1.8.0_60\bin;C:\Program Files\Java\jdk-11.0.15\bin;C:\Program Files\Microsoft SQL Server\Client SDK\ODBC\130\Tools\Binn\;C:\Program Files (x86)\Microsoft SQL Server\140\Tools\Binn\;C:\Program Files\Microsoft SQL Server\140\Tools\Binn\;C:\Program Files\Microsoft SQL Se;C:\Program Files (x86)\Common Files\Intuit\QBPOSSDKRuntime;C:\Program Files\nodejs\;C:\Program Files\Kotlin\bin;C:\Users\Sunday\AppData\Local\Android\sdk1\platform-tools;C:\Program Files\Git\cmd;C:\Python27;C:\Python27\Scripts; C:\Python34\;C:\Python34\Scripts;C:\Python35;C:\Python35\Scripts;C:\Users\Sunday\AppData\Roaming\Composer\vendor\bin;C:\Program Files\Java\jdk-9.0.1\bin;C:\Program Files\Java\jdk1.8.0_151\bin;C:\Program Files\Java\jre1.8.0_144\bin;C:\Program Files\Java\jdk1.8.0_60\bin;C:\Program Files\Java\jdk1.8.0_152\bin;C:\Users\Sunday\AppData\Local\Programs\Microsoft VS Code\bin;C:\Users\Sunday\.dotnet\tools;C:\Users\Sunday\AppData\Roaming\npm;C:\Program Files\Git\bin;C:\Program Files\Git\cmd
USERNAME=Sunday
OS=Windows_NT
PROCESSOR_IDENTIFIER=Intel64 Family 6 Model 55 Stepping 8, GenuineIntel



---------------  S Y S T E M  ---------------

OS: Windows 8.1 , 64 bit Build 9600 (6.3.9600.17415)

CPU:total 4 (initial active 4) (4 cores per cpu, 1 threads per core) family 6 model 55 stepping 8, cmov, cx8, fxsr, mmx, sse, sse2, sse3, ssse3, sse4.1, sse4.2, popcnt, clmul, erms, 3dnowpref, tsc, tscinvbit

Memory: 4k page, physical 8267472k(1083852k free), swap 14026264k(5400k free)

vm_info: Java HotSpot(TM) 64-Bit Server VM (25.152-b16) for windows-amd64 JRE (1.8.0_152-b16), built on Sep 14 2017 02:29:36 by "java_re" with MS VC++ 10.0 (VS2010)

time: Sat Oct 29 09:43:03 2022
elapsed time: 0 seconds (0d 0h 0m 0s)

